[17-Nov-2025 14:49:33 UTC] PHP Fatal error:  Uncaught ArgumentCountError: Too few arguments to function display_faqs_init(), 0 passed in /Applications/XAMPP/xamppfiles/htdocs/mondaysys/wp-content/themes/mondaysys/single-industries.php on line 369 and exactly 1 expected in /Applications/XAMPP/xamppfiles/htdocs/mondaysys/wp-content/themes/mondaysys/include/theme-functions.php:245
Stack trace:
#0 /Applications/XAMPP/xamppfiles/htdocs/mondaysys/wp-content/themes/mondaysys/single-industries.php(369): display_faqs_init()
#1 /Applications/XAMPP/xamppfiles/htdocs/mondaysys/wp-includes/template-loader.php(106): include('/Applications/X...')
#2 /Applications/XAMPP/xamppfiles/htdocs/mondaysys/wp-blog-header.php(19): require_once('/Applications/X...')
#3 /Applications/XAMPP/xamppfiles/htdocs/mondaysys/index.php(17): require('/Applications/X...')
#4 {main}
  thrown in /Applications/XAMPP/xamppfiles/htdocs/mondaysys/wp-content/themes/mondaysys/include/theme-functions.php on line 245
[18-Nov-2025 06:49:00 UTC] Automatic updates starting...
[18-Nov-2025 06:49:01 UTC]   Automatic plugin updates starting...
[18-Nov-2025 06:49:01 UTC]   Automatic plugin updates complete.
[18-Nov-2025 06:49:03 UTC] Automatic updates complete.
[18-Nov-2025 07:32:25 UTC] PHP Fatal error:  Uncaught ArgumentCountError: Too few arguments to function display_faqs_init(), 0 passed in /Applications/XAMPP/xamppfiles/htdocs/mondaysys/wp-content/themes/mondaysys/templates/solutions.php on line 329 and exactly 1 expected in /Applications/XAMPP/xamppfiles/htdocs/mondaysys/wp-content/themes/mondaysys/include/theme-functions.php:245
Stack trace:
#0 /Applications/XAMPP/xamppfiles/htdocs/mondaysys/wp-content/themes/mondaysys/templates/solutions.php(329): display_faqs_init()
#1 /Applications/XAMPP/xamppfiles/htdocs/mondaysys/wp-includes/template-loader.php(106): include('/Applications/X...')
#2 /Applications/XAMPP/xamppfiles/htdocs/mondaysys/wp-blog-header.php(19): require_once('/Applications/X...')
#3 /Applications/XAMPP/xamppfiles/htdocs/mondaysys/index.php(17): require('/Applications/X...')
#4 {main}
  thrown in /Applications/XAMPP/xamppfiles/htdocs/mondaysys/wp-content/themes/mondaysys/include/theme-functions.php on line 245
[18-Nov-2025 11:57:57 UTC] Automatic updates starting...
[18-Nov-2025 11:57:58 UTC]   Automatic plugin updates starting...
[18-Nov-2025 11:57:58 UTC]   Automatic plugin updates complete.
[18-Nov-2025 11:57:59 UTC] Automatic updates complete.
[19-Nov-2025 05:18:14 UTC] Automatic updates starting...
[19-Nov-2025 05:18:15 UTC]   Automatic plugin updates starting...
[19-Nov-2025 05:18:15 UTC]   Automatic plugin updates complete.
[19-Nov-2025 05:18:16 UTC] Automatic updates complete.
[19-Nov-2025 11:03:07 UTC] PHP Notice:  Function map_meta_cap was called <strong>incorrectly</strong>. The post type <code>working_process</code> is not registered, so it may not be reliable to check the capability <code>edit_post</code> against a post of that type. Please see <a href="https://developer.wordpress.org/advanced-administration/debug/debug-wordpress/">Debugging in WordPress</a> for more information. (This message was added in version 4.4.0.) in /Applications/XAMPP/xamppfiles/htdocs/mondaysys/wp-includes/functions.php on line 6121
[20-Nov-2025 12:29:02 UTC] Automatic updates starting...
[20-Nov-2025 12:29:03 UTC]   Automatic plugin updates starting...
[20-Nov-2025 12:29:03 UTC]   Automatic plugin updates complete.
[20-Nov-2025 12:29:04 UTC] Automatic updates complete.
[21-Nov-2025 11:38:13 UTC] Automatic updates starting...
[21-Nov-2025 11:38:14 UTC]   Automatic plugin updates starting...
[21-Nov-2025 11:38:14 UTC]   Automatic plugin updates complete.
[21-Nov-2025 11:38:17 UTC] Automatic updates complete.
[21-Nov-2025 11:38:18 UTC] PHP Notice:  _wp_delete_all_temp_backups(): Could not access filesystem. in /Applications/XAMPP/xamppfiles/htdocs/mondaysys/wp-includes/functions.php on line 6121
[21-Nov-2025 11:57:27 UTC] Automatic updates starting...
[21-Nov-2025 11:57:27 UTC]   Automatic plugin updates starting...
[21-Nov-2025 11:57:27 UTC]   Automatic plugin updates complete.
[21-Nov-2025 11:57:27 UTC] Automatic updates complete.
